TN:
SF:lib\ioUtil.js
FN:10,(anonymous_0)
FN:25,(anonymous_1)
FN:43,(anonymous_2)
FN:61,(anonymous_3)
FN:79,(anonymous_4)
FN:98,(anonymous_5)
FN:101,(anonymous_6)
FN:126,(anonymous_7)
FN:139,(anonymous_8)
FN:153,(anonymous_9)
FN:167,(anonymous_10)
FN:181,(anonymous_11)
FN:192,(anonymous_12)
FN:205,(anonymous_13)
FN:218,(anonymous_14)
FN:231,(anonymous_15)
FN:245,(anonymous_16)
FN:259,(anonymous_17)
FN:272,(anonymous_18)
FN:284,(anonymous_19)
FN:296,(anonymous_20)
FN:298,(anonymous_21)
FN:304,(anonymous_22)
FN:314,(anonymous_23)
FN:324,(anonymous_24)
FN:334,(anonymous_25)
FN:342,(anonymous_26)
FN:351,(anonymous_27)
FN:364,(anonymous_28)
FN:378,convertObjects
FN:379,(anonymous_30)
FNF:31
FNH:29
FNDA:70,(anonymous_0)
FNDA:1,(anonymous_1)
FNDA:1,(anonymous_2)
FNDA:1,(anonymous_3)
FNDA:1,(anonymous_4)
FNDA:2,(anonymous_5)
FNDA:2,(anonymous_6)
FNDA:1,(anonymous_7)
FNDA:1,(anonymous_8)
FNDA:1,(anonymous_9)
FNDA:1,(anonymous_10)
FNDA:2,(anonymous_11)
FNDA:1,(anonymous_12)
FNDA:1,(anonymous_13)
FNDA:1,(anonymous_14)
FNDA:1,(anonymous_15)
FNDA:1,(anonymous_16)
FNDA:9,(anonymous_17)
FNDA:11,(anonymous_18)
FNDA:1,(anonymous_19)
FNDA:2,(anonymous_20)
FNDA:3,(anonymous_21)
FNDA:1,(anonymous_22)
FNDA:23,(anonymous_23)
FNDA:21,(anonymous_24)
FNDA:1,(anonymous_25)
FNDA:1,(anonymous_26)
FNDA:0,(anonymous_27)
FNDA:0,(anonymous_28)
FNDA:1,convertObjects
FNDA:2,(anonymous_30)
DA:11,70
DA:12,70
DA:13,70
DA:14,70
DA:15,70
DA:26,1
DA:27,1
DA:28,1
DA:33,1
DA:44,1
DA:45,1
DA:46,1
DA:51,1
DA:62,1
DA:63,1
DA:64,1
DA:69,1
DA:80,1
DA:81,1
DA:82,1
DA:88,1
DA:99,2
DA:100,2
DA:101,2
DA:102,2
DA:107,2
DA:108,1
DA:112,1
DA:113,1
DA:127,1
DA:128,1
DA:129,1
DA:140,1
DA:141,1
DA:142,1
DA:154,1
DA:155,1
DA:156,1
DA:168,1
DA:169,1
DA:170,1
DA:182,2
DA:183,2
DA:184,2
DA:193,1
DA:194,1
DA:206,1
DA:207,1
DA:208,1
DA:219,1
DA:220,1
DA:221,1
DA:232,1
DA:233,1
DA:234,1
DA:246,1
DA:247,1
DA:248,1
DA:260,9
DA:261,9
DA:262,2
DA:264,7
DA:265,7
DA:273,11
DA:274,11
DA:275,5
DA:277,11
DA:285,1
DA:286,1
DA:287,1
DA:289,1
DA:297,2
DA:298,3
DA:305,1
DA:306,1
DA:307,1
DA:315,23
DA:316,22
DA:325,21
DA:326,20
DA:335,1
DA:343,1
DA:352,0
DA:365,0
DA:366,0
DA:367,0
DA:369,0
DA:379,1
DA:380,2
DA:381,2
DA:384,1
LF:91
LH:86
BRDA:27,0,0,1
BRDA:27,0,1,0
BRDA:27,1,0,1
BRDA:27,1,1,0
BRDA:45,2,0,1
BRDA:45,2,1,0
BRDA:45,3,0,1
BRDA:45,3,1,0
BRDA:63,4,0,0
BRDA:63,4,1,1
BRDA:63,5,0,0
BRDA:63,5,1,1
BRDA:81,6,0,1
BRDA:81,6,1,0
BRDA:81,7,0,1
BRDA:81,7,1,0
BRDA:100,8,0,2
BRDA:100,8,1,0
BRDA:100,9,0,2
BRDA:100,9,1,0
BRDA:107,10,0,1
BRDA:107,10,1,1
BRDA:108,11,0,1
BRDA:108,11,1,0
BRDA:112,12,0,1
BRDA:112,12,1,0
BRDA:128,13,0,1
BRDA:128,13,1,0
BRDA:128,14,0,1
BRDA:128,14,1,0
BRDA:141,15,0,1
BRDA:141,15,1,0
BRDA:141,16,0,1
BRDA:141,16,1,0
BRDA:155,17,0,1
BRDA:155,17,1,0
BRDA:155,18,0,1
BRDA:155,18,1,0
BRDA:169,19,0,1
BRDA:169,19,1,0
BRDA:169,20,0,1
BRDA:169,20,1,0
BRDA:183,21,0,2
BRDA:183,21,1,0
BRDA:183,22,0,2
BRDA:183,22,1,0
BRDA:184,23,0,1
BRDA:184,23,1,1
BRDA:206,24,0,1
BRDA:206,24,1,0
BRDA:206,25,0,1
BRDA:206,25,1,0
BRDA:207,26,0,1
BRDA:207,26,1,0
BRDA:207,27,0,1
BRDA:207,27,1,0
BRDA:218,28,0,0
BRDA:218,29,0,0
BRDA:218,30,0,0
BRDA:220,31,0,1
BRDA:220,31,1,0
BRDA:220,32,0,1
BRDA:220,32,1,0
BRDA:233,33,0,1
BRDA:233,33,1,0
BRDA:233,34,0,1
BRDA:233,34,1,0
BRDA:247,35,0,1
BRDA:247,35,1,0
BRDA:247,36,0,1
BRDA:247,36,1,0
BRDA:248,37,0,0
BRDA:248,37,1,1
BRDA:259,38,0,9
BRDA:259,39,0,9
BRDA:261,40,0,2
BRDA:261,40,1,7
BRDA:274,41,0,5
BRDA:274,41,1,6
BRDA:286,42,0,1
BRDA:286,42,1,0
BRDA:315,43,0,22
BRDA:315,43,1,1
BRDA:325,44,0,20
BRDA:325,44,1,1
BRDA:366,45,0,0
BRDA:366,45,1,0
BRDA:366,46,0,0
BRDA:366,46,1,0
BRDA:366,46,2,0
BRF:90
BRH:48
end_of_record
TN:
SF:lib\piholeApiClient.js
FN:15,(anonymous_0)
FN:37,(anonymous_1)
FN:69,(anonymous_2)
FN:88,(anonymous_3)
FN:164,(anonymous_4)
FN:177,(anonymous_5)
FN:231,(anonymous_6)
FN:251,(anonymous_7)
FN:262,(anonymous_8)
FN:271,(anonymous_9)
FN:280,(anonymous_10)
FN:289,(anonymous_11)
FN:298,(anonymous_12)
FN:308,(anonymous_13)
FN:317,(anonymous_14)
FN:326,(anonymous_15)
FN:342,(anonymous_16)
FN:359,(anonymous_17)
FN:374,(anonymous_18)
FN:388,(anonymous_19)
FN:403,(anonymous_20)
FNF:21
FNH:20
FNDA:4,(anonymous_0)
FNDA:41,(anonymous_1)
FNDA:33,(anonymous_2)
FNDA:0,(anonymous_3)
FNDA:2,(anonymous_4)
FNDA:20,(anonymous_5)
FNDA:13,(anonymous_6)
FNDA:1,(anonymous_7)
FNDA:1,(anonymous_8)
FNDA:2,(anonymous_9)
FNDA:2,(anonymous_10)
FNDA:2,(anonymous_11)
FNDA:1,(anonymous_12)
FNDA:1,(anonymous_13)
FNDA:2,(anonymous_14)
FNDA:2,(anonymous_15)
FNDA:2,(anonymous_16)
FNDA:2,(anonymous_17)
FNDA:2,(anonymous_18)
FNDA:2,(anonymous_19)
FNDA:4,(anonymous_20)
DA:1,16
DA:2,16
DA:16,4
DA:17,4
DA:18,4
DA:19,4
DA:20,4
DA:24,16
DA:38,41
DA:39,41
DA:40,41
DA:41,41
DA:42,41
DA:44,41
DA:45,41
DA:47,41
DA:48,1
DA:70,33
DA:72,33
DA:73,6
DA:75,6
DA:76,15
DA:77,15
DA:81,6
DA:83,6
DA:84,6
DA:87,33
DA:88,33
DA:90,33
DA:91,33
DA:103,31
DA:105,31
DA:106,31
DA:108,1
DA:111,31
DA:112,1
DA:114,1
DA:125,30
DA:126,1
DA:137,29
DA:143,2
DA:145,2
DA:155,33
DA:165,2
DA:178,20
DA:180,20
DA:181,2
DA:182,2
DA:185,2
DA:188,18
DA:189,13
DA:190,13
DA:193,5
DA:195,5
DA:196,1
DA:197,1
DA:200,4
DA:204,4
DA:205,1
DA:206,1
DA:209,3
DA:210,1
DA:211,1
DA:214,2
DA:215,2
DA:232,13
DA:234,13
DA:235,1
DA:243,12
DA:252,1
DA:263,1
DA:272,2
DA:281,2
DA:290,2
DA:299,1
DA:309,1
DA:318,2
DA:327,2
DA:334,2
DA:343,2
DA:350,2
DA:360,2
DA:365,2
DA:375,2
DA:380,2
DA:389,2
DA:404,4
DA:406,4
DA:407,2
DA:410,2
DA:414,16
LF:91
LH:91
BRDA:15,0,0,0
BRDA:44,1,0,41
BRDA:44,1,1,0
BRDA:47,2,0,1
BRDA:47,2,1,40
BRDA:47,3,0,41
BRDA:47,3,1,1
BRDA:69,4,0,19
BRDA:69,5,0,21
BRDA:72,6,0,6
BRDA:72,6,1,27
BRDA:76,7,0,15
BRDA:76,7,1,0
BRDA:76,8,0,15
BRDA:76,8,1,15
BRDA:83,9,0,6
BRDA:83,9,1,0
BRDA:88,10,0,33
BRDA:88,10,1,33
BRDA:95,11,0,3
BRDA:95,11,1,30
BRDA:99,12,0,20
BRDA:99,12,1,13
BRDA:111,13,0,1
BRDA:111,13,1,30
BRDA:111,14,0,31
BRDA:111,14,1,30
BRDA:125,15,0,1
BRDA:125,15,1,29
BRDA:125,16,0,30
BRDA:125,16,1,30
BRDA:149,17,0,0
BRDA:149,17,1,2
BRDA:150,18,0,0
BRDA:150,18,1,2
BRDA:150,19,0,2
BRDA:150,19,1,1
BRDA:180,20,0,2
BRDA:180,20,1,18
BRDA:183,21,0,2
BRDA:183,21,1,0
BRDA:183,21,2,0
BRDA:188,22,0,13
BRDA:188,22,1,5
BRDA:195,23,0,1
BRDA:195,23,1,4
BRDA:204,24,0,1
BRDA:204,24,1,3
BRDA:205,25,0,1
BRDA:205,25,1,0
BRDA:205,25,2,0
BRDA:209,26,0,1
BRDA:209,26,1,2
BRDA:231,27,0,6
BRDA:231,28,0,6
BRDA:234,29,0,1
BRDA:234,29,1,12
BRDA:403,30,0,0
BRDA:406,31,0,2
BRDA:406,31,1,2
BRF:60
BRH:49
end_of_record
TN:
SF:lib\piholeserver.js
FN:13,(anonymous_0)
FN:26,(anonymous_1)
FN:276,(anonymous_2)
FN:303,(anonymous_3)
FN:318,(anonymous_4)
FN:334,(anonymous_5)
FN:360,(anonymous_6)
FN:371,(anonymous_7)
FN:372,(anonymous_8)
FN:383,(anonymous_9)
FN:437,(anonymous_10)
FN:469,(anonymous_11)
FN:501,(anonymous_12)
FN:522,(anonymous_13)
FN:551,(anonymous_14)
FN:576,(anonymous_15)
FN:632,(anonymous_16)
FN:686,(anonymous_17)
FN:700,(anonymous_18)
FN:728,(anonymous_19)
FN:742,(anonymous_20)
FN:795,(anonymous_21)
FN:831,(anonymous_22)
FN:839,(anonymous_23)
FN:852,(anonymous_24)
FN:865,(anonymous_25)
FN:878,(anonymous_26)
FN:895,(anonymous_27)
FN:908,(anonymous_28)
FN:925,(anonymous_29)
FN:938,(anonymous_30)
FN:973,(anonymous_31)
FN:1004,(anonymous_32)
FN:1039,(anonymous_33)
FN:1076,(anonymous_34)
FN:1164,(anonymous_35)
FN:1269,(anonymous_36)
FNF:37
FNH:36
FNDA:44,(anonymous_0)
FNDA:0,(anonymous_1)
FNDA:2,(anonymous_2)
FNDA:3,(anonymous_3)
FNDA:4,(anonymous_4)
FNDA:25,(anonymous_5)
FNDA:4,(anonymous_6)
FNDA:9,(anonymous_7)
FNDA:5,(anonymous_8)
FNDA:1,(anonymous_9)
FNDA:1,(anonymous_10)
FNDA:3,(anonymous_11)
FNDA:2,(anonymous_12)
FNDA:5,(anonymous_13)
FNDA:1,(anonymous_14)
FNDA:2,(anonymous_15)
FNDA:2,(anonymous_16)
FNDA:2,(anonymous_17)
FNDA:7,(anonymous_18)
FNDA:1,(anonymous_19)
FNDA:4,(anonymous_20)
FNDA:4,(anonymous_21)
FNDA:1,(anonymous_22)
FNDA:1,(anonymous_23)
FNDA:1,(anonymous_24)
FNDA:1,(anonymous_25)
FNDA:1,(anonymous_26)
FNDA:1,(anonymous_27)
FNDA:1,(anonymous_28)
FNDA:10,(anonymous_29)
FNDA:4,(anonymous_30)
FNDA:3,(anonymous_31)
FNDA:4,(anonymous_32)
FNDA:4,(anonymous_33)
FNDA:3,(anonymous_34)
FNDA:2,(anonymous_35)
FNDA:2,(anonymous_36)
DA:1,1
DA:2,1
DA:14,44
DA:15,44
DA:27,0
DA:36,0
DA:38,0
DA:113,0
DA:212,0
DA:247,0
DA:248,0
DA:249,0
DA:250,0
DA:251,0
DA:252,0
DA:253,0
DA:255,0
DA:257,0
DA:258,0
DA:259,0
DA:261,0
DA:262,0
DA:263,0
DA:264,0
DA:265,0
DA:266,0
DA:267,0
DA:277,2
DA:278,2
DA:279,2
DA:280,2
DA:281,2
DA:282,2
DA:283,2
DA:289,2
DA:290,2
DA:304,3
DA:305,1
DA:308,2
DA:309,2
DA:319,4
DA:325,4
DA:335,25
DA:361,4
DA:363,4
DA:364,22
DA:365,11
DA:367,11
DA:370,4
DA:371,9
DA:372,5
DA:384,1
DA:385,1
DA:387,1
DA:388,1
DA:390,1
DA:391,3
DA:392,0
DA:394,3
DA:403,3
DA:404,3
DA:405,0
DA:408,0
DA:411,3
DA:412,3
DA:413,3
DA:414,1
DA:417,3
DA:418,3
DA:419,3
DA:426,1
DA:438,1
DA:440,1
DA:444,2
DA:445,2
DA:457,2
DA:460,2
DA:468,1
DA:469,3
DA:472,1
DA:476,2
DA:488,2
DA:491,2
DA:502,2
DA:503,0
DA:505,2
DA:506,2
DA:508,2
DA:509,1
DA:512,1
DA:515,1
DA:516,1
DA:517,1
DA:518,1
DA:519,1
DA:520,1
DA:521,1
DA:522,5
DA:524,1
DA:526,1
DA:527,2
DA:528,2
DA:529,2
DA:530,2
DA:531,2
DA:532,1
DA:535,2
DA:536,2
DA:537,2
DA:540,2
DA:541,1
DA:552,1
DA:554,1
DA:555,9
DA:557,9
DA:558,9
DA:560,9
DA:562,9
DA:563,9
DA:566,9
DA:577,2
DA:579,2
DA:580,2
DA:586,2
DA:587,24
DA:589,24
DA:590,12
DA:596,12
DA:602,12
DA:603,12
DA:606,12
DA:610,2
DA:612,2
DA:618,2
DA:619,24
DA:633,2
DA:635,2
DA:636,2
DA:642,2
DA:643,8
DA:645,8
DA:646,4
DA:652,4
DA:658,4
DA:659,4
DA:662,4
DA:666,2
DA:668,2
DA:674,2
DA:675,8
DA:687,2
DA:689,2
DA:690,2
DA:701,7
DA:703,7
DA:704,4
DA:707,3
DA:708,3
DA:709,3
DA:711,3
DA:712,2
DA:715,3
DA:716,1
DA:717,1
DA:718,1
DA:729,1
DA:731,1
DA:732,1
DA:733,1
DA:743,4
DA:745,4
DA:746,2
DA:749,2
DA:750,2
DA:751,2
DA:753,2
DA:755,2
DA:756,1
DA:758,1
DA:760,1
DA:761,1
DA:772,1
DA:775,1
DA:781,1
DA:782,1
DA:796,4
DA:798,4
DA:799,1
DA:802,3
DA:804,3
DA:805,1
DA:810,1
DA:811,1
DA:814,2
DA:815,2
DA:817,2
DA:818,1
DA:821,2
DA:823,2
DA:824,0
DA:827,0
DA:828,0
DA:831,2
DA:840,1
DA:842,1
DA:843,1
DA:844,1
DA:853,1
DA:855,1
DA:856,1
DA:857,1
DA:866,1
DA:868,1
DA:869,1
DA:870,1
DA:879,1
DA:881,1
DA:882,1
DA:883,1
DA:885,1
DA:886,1
DA:887,1
DA:896,1
DA:898,1
DA:899,1
DA:900,1
DA:909,1
DA:911,1
DA:912,1
DA:913,1
DA:914,1
DA:915,1
DA:926,10
DA:928,10
DA:930,10
DA:939,4
DA:941,4
DA:942,1
DA:945,3
DA:947,3
DA:948,2
DA:951,2
DA:952,2
DA:955,1
DA:957,1
DA:958,1
DA:961,1
DA:962,1
DA:965,1
DA:974,3
DA:976,3
DA:977,1
DA:980,2
DA:982,2
DA:983,1
DA:986,1
DA:987,1
DA:990,1
DA:992,1
DA:993,1
DA:996,1
DA:1005,4
DA:1007,4
DA:1008,1
DA:1011,3
DA:1013,3
DA:1014,1
DA:1019,1
DA:1020,1
DA:1023,2
DA:1025,2
DA:1027,2
DA:1028,2
DA:1031,2
DA:1040,4
DA:1042,4
DA:1043,1
DA:1046,3
DA:1048,3
DA:1049,2
DA:1054,2
DA:1055,2
DA:1058,1
DA:1060,1
DA:1061,1
DA:1064,1
DA:1065,1
DA:1068,1
DA:1077,3
DA:1079,3
DA:1080,1
DA:1083,2
DA:1085,2
DA:1086,1
DA:1091,1
DA:1092,1
DA:1095,1
DA:1097,1
DA:1098,1
DA:1101,1
DA:1103,1
DA:1104,0
DA:1109,0
DA:1110,0
DA:1113,1
DA:1115,1
DA:1116,1
DA:1119,1
DA:1121,1
DA:1122,0
DA:1127,0
DA:1128,0
DA:1131,1
DA:1133,1
DA:1134,1
DA:1137,1
DA:1139,1
DA:1140,0
DA:1145,0
DA:1146,0
DA:1149,1
DA:1151,1
DA:1152,1
DA:1155,1
DA:1165,2
DA:1167,2
DA:1168,1
DA:1169,1
DA:1172,1
DA:1179,1
DA:1186,1
DA:1193,1
DA:1200,1
DA:1207,1
DA:1214,1
DA:1221,1
DA:1228,1
DA:1235,1
DA:1242,1
DA:1249,1
DA:1270,2
DA:1272,2
DA:1273,1
DA:1274,1
DA:1277,1
DA:1284,1
DA:1291,1
DA:1298,1
DA:1307,1
LF:349
LH:310
BRDA:266,0,0,0
BRDA:266,0,1,0
BRDA:304,1,0,1
BRDA:304,1,1,2
BRDA:304,2,0,3
BRDA:304,2,1,2
BRDA:319,3,0,4
BRDA:319,3,1,0
BRDA:325,4,0,4
BRDA:325,4,1,1
BRDA:350,5,0,25
BRDA:350,5,1,0
BRDA:364,6,0,11
BRDA:364,6,1,11
BRDA:364,7,0,22
BRDA:364,7,1,22
BRDA:367,8,0,11
BRDA:367,8,1,9
BRDA:372,9,0,5
BRDA:372,9,1,3
BRDA:385,10,0,1
BRDA:385,10,1,0
BRDA:391,11,0,0
BRDA:391,11,1,3
BRDA:400,12,0,2
BRDA:400,12,1,1
BRDA:404,13,0,0
BRDA:404,13,1,3
BRDA:404,14,0,3
BRDA:404,14,1,3
BRDA:406,15,0,0
BRDA:406,15,1,0
BRDA:406,15,2,0
BRDA:413,16,0,1
BRDA:413,16,1,2
BRDA:418,17,0,3
BRDA:418,17,1,3
BRDA:420,18,0,3
BRDA:420,18,1,2
BRDA:420,18,2,2
BRDA:420,18,3,2
BRDA:469,19,0,1
BRDA:469,19,1,2
BRDA:502,20,0,0
BRDA:502,20,1,2
BRDA:508,21,0,1
BRDA:508,21,1,1
BRDA:508,22,0,2
BRDA:508,22,1,1
BRDA:510,23,0,1
BRDA:510,23,1,0
BRDA:510,23,2,0
BRDA:522,24,0,5
BRDA:522,24,1,4
BRDA:529,25,0,2
BRDA:529,25,1,1
BRDA:531,26,0,1
BRDA:531,26,1,1
BRDA:536,27,0,2
BRDA:536,27,1,0
BRDA:540,28,0,1
BRDA:540,28,1,1
BRDA:540,29,0,2
BRDA:540,29,1,1
BRDA:557,30,0,9
BRDA:557,30,1,0
BRDA:562,31,0,9
BRDA:562,31,1,0
BRDA:589,32,0,12
BRDA:589,32,1,12
BRDA:602,33,0,12
BRDA:602,33,1,0
BRDA:610,34,0,1
BRDA:610,34,1,1
BRDA:645,35,0,4
BRDA:645,35,1,4
BRDA:658,36,0,4
BRDA:658,36,1,0
BRDA:666,37,0,1
BRDA:666,37,1,1
BRDA:703,38,0,4
BRDA:703,38,1,3
BRDA:703,39,0,7
BRDA:703,39,1,6
BRDA:703,39,2,5
BRDA:711,40,0,2
BRDA:711,40,1,1
BRDA:715,41,0,1
BRDA:715,41,1,2
BRDA:716,42,0,1
BRDA:716,42,1,0
BRDA:731,43,0,1
BRDA:731,43,1,0
BRDA:745,44,0,2
BRDA:745,44,1,2
BRDA:745,45,0,4
BRDA:745,45,1,3
BRDA:745,45,2,2
BRDA:755,46,0,1
BRDA:755,46,1,1
BRDA:756,47,0,1
BRDA:756,47,1,0
BRDA:756,47,2,0
BRDA:760,48,0,1
BRDA:760,48,1,0
BRDA:781,49,0,1
BRDA:781,49,1,0
BRDA:798,50,0,1
BRDA:798,50,1,3
BRDA:804,51,0,1
BRDA:804,51,1,2
BRDA:807,52,0,1
BRDA:807,52,1,0
BRDA:807,52,2,0
BRDA:817,53,0,1
BRDA:817,53,1,1
BRDA:817,54,0,2
BRDA:817,54,1,2
BRDA:817,54,2,1
BRDA:823,55,0,0
BRDA:823,55,1,2
BRDA:825,56,0,0
BRDA:825,56,1,0
BRDA:825,56,2,0
BRDA:926,57,0,9
BRDA:926,57,1,1
BRDA:941,58,0,1
BRDA:941,58,1,3
BRDA:947,59,0,2
BRDA:947,59,1,1
BRDA:949,60,0,2
BRDA:949,60,1,1
BRDA:949,60,2,0
BRDA:957,61,0,1
BRDA:957,61,1,0
BRDA:961,62,0,1
BRDA:961,62,1,0
BRDA:976,63,0,1
BRDA:976,63,1,2
BRDA:982,64,0,1
BRDA:982,64,1,1
BRDA:984,65,0,1
BRDA:984,65,1,1
BRDA:984,65,2,0
BRDA:992,66,0,1
BRDA:992,66,1,0
BRDA:1007,67,0,1
BRDA:1007,67,1,3
BRDA:1013,68,0,1
BRDA:1013,68,1,2
BRDA:1016,69,0,1
BRDA:1016,69,1,1
BRDA:1016,69,2,0
BRDA:1027,70,0,2
BRDA:1027,70,1,0
BRDA:1042,71,0,1
BRDA:1042,71,1,3
BRDA:1048,72,0,2
BRDA:1048,72,1,1
BRDA:1051,73,0,2
BRDA:1051,73,1,1
BRDA:1051,73,2,0
BRDA:1060,74,0,1
BRDA:1060,74,1,0
BRDA:1064,75,0,1
BRDA:1064,75,1,0
BRDA:1079,76,0,1
BRDA:1079,76,1,2
BRDA:1085,77,0,1
BRDA:1085,77,1,1
BRDA:1088,78,0,1
BRDA:1088,78,1,1
BRDA:1088,78,2,0
BRDA:1097,79,0,1
BRDA:1097,79,1,0
BRDA:1103,80,0,0
BRDA:1103,80,1,1
BRDA:1106,81,0,0
BRDA:1106,81,1,0
BRDA:1106,81,2,0
BRDA:1115,82,0,1
BRDA:1115,82,1,0
BRDA:1121,83,0,0
BRDA:1121,83,1,1
BRDA:1124,84,0,0
BRDA:1124,84,1,0
BRDA:1124,84,2,0
BRDA:1133,85,0,1
BRDA:1133,85,1,0
BRDA:1139,86,0,0
BRDA:1139,86,1,1
BRDA:1142,87,0,0
BRDA:1142,87,1,0
BRDA:1142,87,2,0
BRDA:1151,88,0,1
BRDA:1151,88,1,0
BRDA:1167,89,0,1
BRDA:1167,89,1,1
BRDA:1174,90,0,1
BRDA:1174,90,1,0
BRDA:1181,91,0,1
BRDA:1181,91,1,0
BRDA:1195,92,0,1
BRDA:1195,92,1,0
BRDA:1202,93,0,1
BRDA:1202,93,1,0
BRDA:1216,94,0,1
BRDA:1216,94,1,0
BRDA:1223,95,0,1
BRDA:1223,95,1,0
BRDA:1237,96,0,1
BRDA:1237,96,1,0
BRDA:1244,97,0,1
BRDA:1244,97,1,0
BRDA:1272,98,0,1
BRDA:1272,98,1,1
BRDA:1272,99,0,2
BRDA:1272,99,1,1
BRDA:1279,100,0,1
BRDA:1279,100,1,0
BRDA:1286,101,0,1
BRDA:1286,101,1,0
BRDA:1293,102,0,1
BRDA:1293,102,1,0
BRDA:1300,103,0,1
BRDA:1300,103,1,0
BRF:226
BRH:157
end_of_record
