TN:
SF:lib\ioUtil.js
FN:10,(anonymous_0)
FN:25,(anonymous_1)
FN:43,(anonymous_2)
FN:61,(anonymous_3)
FN:79,(anonymous_4)
FN:98,(anonymous_5)
FN:101,(anonymous_6)
FN:126,(anonymous_7)
FN:139,(anonymous_8)
FN:153,(anonymous_9)
FN:167,(anonymous_10)
FN:181,(anonymous_11)
FN:192,(anonymous_12)
FN:205,(anonymous_13)
FN:218,(anonymous_14)
FN:231,(anonymous_15)
FN:245,(anonymous_16)
FN:259,(anonymous_17)
FN:272,(anonymous_18)
FN:284,(anonymous_19)
FN:296,(anonymous_20)
FN:298,(anonymous_21)
FN:304,(anonymous_22)
FN:314,(anonymous_23)
FN:324,(anonymous_24)
FN:334,(anonymous_25)
FN:342,(anonymous_26)
FN:351,(anonymous_27)
FN:364,(anonymous_28)
FN:378,convertObjects
FN:379,(anonymous_30)
FNF:31
FNH:29
FNDA:62,(anonymous_0)
FNDA:1,(anonymous_1)
FNDA:1,(anonymous_2)
FNDA:1,(anonymous_3)
FNDA:1,(anonymous_4)
FNDA:2,(anonymous_5)
FNDA:2,(anonymous_6)
FNDA:1,(anonymous_7)
FNDA:1,(anonymous_8)
FNDA:1,(anonymous_9)
FNDA:1,(anonymous_10)
FNDA:2,(anonymous_11)
FNDA:1,(anonymous_12)
FNDA:1,(anonymous_13)
FNDA:1,(anonymous_14)
FNDA:1,(anonymous_15)
FNDA:1,(anonymous_16)
FNDA:9,(anonymous_17)
FNDA:11,(anonymous_18)
FNDA:1,(anonymous_19)
FNDA:2,(anonymous_20)
FNDA:3,(anonymous_21)
FNDA:1,(anonymous_22)
FNDA:23,(anonymous_23)
FNDA:21,(anonymous_24)
FNDA:1,(anonymous_25)
FNDA:1,(anonymous_26)
FNDA:0,(anonymous_27)
FNDA:0,(anonymous_28)
FNDA:1,convertObjects
FNDA:2,(anonymous_30)
DA:11,62
DA:12,62
DA:13,62
DA:14,62
DA:15,62
DA:26,1
DA:27,1
DA:28,1
DA:33,1
DA:44,1
DA:45,1
DA:46,1
DA:51,1
DA:62,1
DA:63,1
DA:64,1
DA:69,1
DA:80,1
DA:81,1
DA:82,1
DA:88,1
DA:99,2
DA:100,2
DA:101,2
DA:102,2
DA:107,2
DA:108,1
DA:112,1
DA:113,1
DA:127,1
DA:128,1
DA:129,1
DA:140,1
DA:141,1
DA:142,1
DA:154,1
DA:155,1
DA:156,1
DA:168,1
DA:169,1
DA:170,1
DA:182,2
DA:183,2
DA:184,2
DA:193,1
DA:194,1
DA:206,1
DA:207,1
DA:208,1
DA:219,1
DA:220,1
DA:221,1
DA:232,1
DA:233,1
DA:234,1
DA:246,1
DA:247,1
DA:248,1
DA:260,9
DA:261,9
DA:262,2
DA:264,7
DA:265,7
DA:273,11
DA:274,11
DA:275,5
DA:277,11
DA:285,1
DA:286,1
DA:287,1
DA:289,1
DA:297,2
DA:298,3
DA:305,1
DA:306,1
DA:307,1
DA:315,23
DA:316,22
DA:325,21
DA:326,20
DA:335,1
DA:343,1
DA:352,0
DA:365,0
DA:366,0
DA:367,0
DA:369,0
DA:379,1
DA:380,2
DA:381,2
DA:384,1
LF:91
LH:86
BRDA:27,0,0,1
BRDA:27,0,1,0
BRDA:27,1,0,1
BRDA:27,1,1,0
BRDA:45,2,0,1
BRDA:45,2,1,0
BRDA:45,3,0,1
BRDA:45,3,1,0
BRDA:63,4,0,0
BRDA:63,4,1,1
BRDA:63,5,0,0
BRDA:63,5,1,1
BRDA:81,6,0,1
BRDA:81,6,1,0
BRDA:81,7,0,1
BRDA:81,7,1,0
BRDA:100,8,0,2
BRDA:100,8,1,0
BRDA:100,9,0,2
BRDA:100,9,1,0
BRDA:107,10,0,1
BRDA:107,10,1,1
BRDA:108,11,0,1
BRDA:108,11,1,0
BRDA:112,12,0,1
BRDA:112,12,1,0
BRDA:128,13,0,1
BRDA:128,13,1,0
BRDA:128,14,0,1
BRDA:128,14,1,0
BRDA:141,15,0,1
BRDA:141,15,1,0
BRDA:141,16,0,1
BRDA:141,16,1,0
BRDA:155,17,0,1
BRDA:155,17,1,0
BRDA:155,18,0,1
BRDA:155,18,1,0
BRDA:169,19,0,1
BRDA:169,19,1,0
BRDA:169,20,0,1
BRDA:169,20,1,0
BRDA:183,21,0,2
BRDA:183,21,1,0
BRDA:183,22,0,2
BRDA:183,22,1,0
BRDA:184,23,0,1
BRDA:184,23,1,1
BRDA:206,24,0,1
BRDA:206,24,1,0
BRDA:206,25,0,1
BRDA:206,25,1,0
BRDA:207,26,0,1
BRDA:207,26,1,0
BRDA:207,27,0,1
BRDA:207,27,1,0
BRDA:218,28,0,0
BRDA:218,29,0,0
BRDA:218,30,0,0
BRDA:220,31,0,1
BRDA:220,31,1,0
BRDA:220,32,0,1
BRDA:220,32,1,0
BRDA:233,33,0,1
BRDA:233,33,1,0
BRDA:233,34,0,1
BRDA:233,34,1,0
BRDA:247,35,0,1
BRDA:247,35,1,0
BRDA:247,36,0,1
BRDA:247,36,1,0
BRDA:248,37,0,0
BRDA:248,37,1,1
BRDA:259,38,0,9
BRDA:259,39,0,9
BRDA:261,40,0,2
BRDA:261,40,1,7
BRDA:274,41,0,5
BRDA:274,41,1,6
BRDA:286,42,0,1
BRDA:286,42,1,0
BRDA:315,43,0,22
BRDA:315,43,1,1
BRDA:325,44,0,20
BRDA:325,44,1,1
BRDA:366,45,0,0
BRDA:366,45,1,0
BRDA:366,46,0,0
BRDA:366,46,1,0
BRDA:366,46,2,0
BRF:90
BRH:48
end_of_record
TN:
SF:lib\piholeApiClient.js
FN:15,(anonymous_0)
FN:37,(anonymous_1)
FN:69,(anonymous_2)
FN:88,(anonymous_3)
FN:164,(anonymous_4)
FN:177,(anonymous_5)
FN:231,(anonymous_6)
FN:251,(anonymous_7)
FN:262,(anonymous_8)
FN:271,(anonymous_9)
FN:280,(anonymous_10)
FN:289,(anonymous_11)
FN:298,(anonymous_12)
FN:308,(anonymous_13)
FN:317,(anonymous_14)
FN:326,(anonymous_15)
FN:342,(anonymous_16)
FN:359,(anonymous_17)
FN:374,(anonymous_18)
FN:388,(anonymous_19)
FN:403,(anonymous_20)
FNF:21
FNH:20
FNDA:4,(anonymous_0)
FNDA:41,(anonymous_1)
FNDA:33,(anonymous_2)
FNDA:0,(anonymous_3)
FNDA:2,(anonymous_4)
FNDA:20,(anonymous_5)
FNDA:13,(anonymous_6)
FNDA:1,(anonymous_7)
FNDA:1,(anonymous_8)
FNDA:2,(anonymous_9)
FNDA:2,(anonymous_10)
FNDA:2,(anonymous_11)
FNDA:1,(anonymous_12)
FNDA:1,(anonymous_13)
FNDA:2,(anonymous_14)
FNDA:2,(anonymous_15)
FNDA:2,(anonymous_16)
FNDA:2,(anonymous_17)
FNDA:2,(anonymous_18)
FNDA:2,(anonymous_19)
FNDA:4,(anonymous_20)
DA:1,16
DA:2,16
DA:16,4
DA:17,4
DA:18,4
DA:19,4
DA:20,4
DA:24,16
DA:38,41
DA:39,41
DA:40,41
DA:41,41
DA:42,41
DA:44,41
DA:45,41
DA:47,41
DA:48,1
DA:70,33
DA:72,33
DA:73,6
DA:75,6
DA:76,15
DA:77,15
DA:81,6
DA:83,6
DA:84,6
DA:87,33
DA:88,33
DA:90,33
DA:91,33
DA:103,31
DA:105,31
DA:106,31
DA:108,1
DA:111,31
DA:112,1
DA:114,1
DA:125,30
DA:126,1
DA:137,29
DA:143,2
DA:145,2
DA:155,33
DA:165,2
DA:178,20
DA:180,20
DA:181,2
DA:182,2
DA:185,2
DA:188,18
DA:189,13
DA:190,13
DA:193,5
DA:195,5
DA:196,1
DA:197,1
DA:200,4
DA:204,4
DA:205,1
DA:206,1
DA:209,3
DA:210,1
DA:211,1
DA:214,2
DA:215,2
DA:232,13
DA:234,13
DA:235,1
DA:243,12
DA:252,1
DA:263,1
DA:272,2
DA:281,2
DA:290,2
DA:299,1
DA:309,1
DA:318,2
DA:327,2
DA:334,2
DA:343,2
DA:350,2
DA:360,2
DA:365,2
DA:375,2
DA:380,2
DA:389,2
DA:404,4
DA:406,4
DA:407,2
DA:410,2
DA:414,16
LF:91
LH:91
BRDA:15,0,0,0
BRDA:44,1,0,41
BRDA:44,1,1,0
BRDA:47,2,0,1
BRDA:47,2,1,40
BRDA:47,3,0,41
BRDA:47,3,1,1
BRDA:69,4,0,19
BRDA:69,5,0,21
BRDA:72,6,0,6
BRDA:72,6,1,27
BRDA:76,7,0,15
BRDA:76,7,1,0
BRDA:76,8,0,15
BRDA:76,8,1,15
BRDA:83,9,0,6
BRDA:83,9,1,0
BRDA:88,10,0,33
BRDA:88,10,1,33
BRDA:95,11,0,3
BRDA:95,11,1,30
BRDA:99,12,0,20
BRDA:99,12,1,13
BRDA:111,13,0,1
BRDA:111,13,1,30
BRDA:111,14,0,31
BRDA:111,14,1,30
BRDA:125,15,0,1
BRDA:125,15,1,29
BRDA:125,16,0,30
BRDA:125,16,1,30
BRDA:149,17,0,0
BRDA:149,17,1,2
BRDA:150,18,0,0
BRDA:150,18,1,2
BRDA:150,19,0,2
BRDA:150,19,1,1
BRDA:180,20,0,2
BRDA:180,20,1,18
BRDA:183,21,0,2
BRDA:183,21,1,0
BRDA:183,21,2,0
BRDA:188,22,0,13
BRDA:188,22,1,5
BRDA:195,23,0,1
BRDA:195,23,1,4
BRDA:204,24,0,1
BRDA:204,24,1,3
BRDA:205,25,0,1
BRDA:205,25,1,0
BRDA:205,25,2,0
BRDA:209,26,0,1
BRDA:209,26,1,2
BRDA:231,27,0,6
BRDA:231,28,0,6
BRDA:234,29,0,1
BRDA:234,29,1,12
BRDA:403,30,0,0
BRDA:406,31,0,2
BRDA:406,31,1,2
BRF:60
BRH:49
end_of_record
TN:
SF:lib\piholeserver.js
FN:13,(anonymous_0)
FN:26,(anonymous_1)
FN:276,(anonymous_2)
FN:303,(anonymous_3)
FN:318,(anonymous_4)
FN:334,(anonymous_5)
FN:360,(anonymous_6)
FN:371,(anonymous_7)
FN:372,(anonymous_8)
FN:383,(anonymous_9)
FN:427,(anonymous_10)
FN:459,(anonymous_11)
FN:491,(anonymous_12)
FN:512,(anonymous_13)
FN:541,(anonymous_14)
FN:566,(anonymous_15)
FN:622,(anonymous_16)
FN:676,(anonymous_17)
FN:690,(anonymous_18)
FN:718,(anonymous_19)
FN:732,(anonymous_20)
FN:785,(anonymous_21)
FN:821,(anonymous_22)
FN:829,(anonymous_23)
FN:842,(anonymous_24)
FN:855,(anonymous_25)
FN:868,(anonymous_26)
FN:885,(anonymous_27)
FN:898,(anonymous_28)
FN:915,(anonymous_29)
FN:928,(anonymous_30)
FN:963,(anonymous_31)
FN:994,(anonymous_32)
FN:1029,(anonymous_33)
FN:1066,(anonymous_34)
FN:1154,(anonymous_35)
FN:1259,(anonymous_36)
FNF:37
FNH:28
FNDA:36,(anonymous_0)
FNDA:0,(anonymous_1)
FNDA:2,(anonymous_2)
FNDA:3,(anonymous_3)
FNDA:2,(anonymous_4)
FNDA:25,(anonymous_5)
FNDA:4,(anonymous_6)
FNDA:9,(anonymous_7)
FNDA:5,(anonymous_8)
FNDA:1,(anonymous_9)
FNDA:1,(anonymous_10)
FNDA:3,(anonymous_11)
FNDA:0,(anonymous_12)
FNDA:0,(anonymous_13)
FNDA:1,(anonymous_14)
FNDA:2,(anonymous_15)
FNDA:2,(anonymous_16)
FNDA:2,(anonymous_17)
FNDA:7,(anonymous_18)
FNDA:1,(anonymous_19)
FNDA:4,(anonymous_20)
FNDA:4,(anonymous_21)
FNDA:1,(anonymous_22)
FNDA:0,(anonymous_23)
FNDA:0,(anonymous_24)
FNDA:0,(anonymous_25)
FNDA:0,(anonymous_26)
FNDA:0,(anonymous_27)
FNDA:0,(anonymous_28)
FNDA:10,(anonymous_29)
FNDA:4,(anonymous_30)
FNDA:3,(anonymous_31)
FNDA:4,(anonymous_32)
FNDA:4,(anonymous_33)
FNDA:3,(anonymous_34)
FNDA:2,(anonymous_35)
FNDA:2,(anonymous_36)
DA:1,1
DA:2,1
DA:14,36
DA:15,36
DA:27,0
DA:36,0
DA:38,0
DA:113,0
DA:212,0
DA:247,0
DA:248,0
DA:249,0
DA:250,0
DA:251,0
DA:252,0
DA:253,0
DA:255,0
DA:257,0
DA:258,0
DA:259,0
DA:261,0
DA:262,0
DA:263,0
DA:264,0
DA:265,0
DA:266,0
DA:267,0
DA:277,2
DA:278,2
DA:279,2
DA:280,2
DA:281,2
DA:282,2
DA:283,2
DA:289,2
DA:290,2
DA:304,3
DA:305,1
DA:308,2
DA:309,2
DA:319,2
DA:325,2
DA:335,25
DA:361,4
DA:363,4
DA:364,22
DA:365,11
DA:367,11
DA:370,4
DA:371,9
DA:372,5
DA:384,1
DA:385,1
DA:387,1
DA:389,1
DA:390,2
DA:391,0
DA:393,2
DA:401,2
DA:402,2
DA:403,0
DA:406,0
DA:409,2
DA:410,2
DA:412,2
DA:413,2
DA:416,1
DA:428,1
DA:430,1
DA:434,2
DA:435,2
DA:447,2
DA:450,2
DA:458,1
DA:459,3
DA:462,1
DA:466,2
DA:478,2
DA:481,2
DA:492,0
DA:493,0
DA:495,0
DA:496,0
DA:498,0
DA:499,0
DA:502,0
DA:505,0
DA:506,0
DA:507,0
DA:508,0
DA:509,0
DA:510,0
DA:511,0
DA:512,0
DA:514,0
DA:516,0
DA:517,0
DA:518,0
DA:519,0
DA:520,0
DA:521,0
DA:522,0
DA:525,0
DA:526,0
DA:527,0
DA:530,0
DA:531,0
DA:542,1
DA:544,1
DA:545,9
DA:547,9
DA:548,9
DA:550,9
DA:552,9
DA:553,9
DA:556,9
DA:567,2
DA:569,2
DA:570,2
DA:576,2
DA:577,24
DA:579,24
DA:580,12
DA:586,12
DA:592,12
DA:593,12
DA:596,12
DA:600,2
DA:602,2
DA:608,2
DA:609,24
DA:623,2
DA:625,2
DA:626,2
DA:632,2
DA:633,8
DA:635,8
DA:636,4
DA:642,4
DA:648,4
DA:649,4
DA:652,4
DA:656,2
DA:658,2
DA:664,2
DA:665,8
DA:677,2
DA:679,2
DA:680,2
DA:691,7
DA:693,7
DA:694,4
DA:697,3
DA:698,3
DA:699,3
DA:701,3
DA:702,2
DA:705,3
DA:706,1
DA:707,1
DA:708,1
DA:719,1
DA:721,1
DA:722,1
DA:723,1
DA:733,4
DA:735,4
DA:736,2
DA:739,2
DA:740,2
DA:741,2
DA:743,2
DA:745,2
DA:746,1
DA:748,1
DA:750,1
DA:751,1
DA:762,1
DA:765,1
DA:771,1
DA:772,1
DA:786,4
DA:788,4
DA:789,1
DA:792,3
DA:794,3
DA:795,1
DA:800,1
DA:801,1
DA:804,2
DA:805,2
DA:807,2
DA:808,1
DA:811,2
DA:813,2
DA:814,0
DA:817,0
DA:818,0
DA:821,2
DA:830,0
DA:832,0
DA:833,0
DA:834,0
DA:843,0
DA:845,0
DA:846,0
DA:847,0
DA:856,0
DA:858,0
DA:859,0
DA:860,0
DA:869,0
DA:871,0
DA:872,0
DA:873,0
DA:875,0
DA:876,0
DA:877,0
DA:886,0
DA:888,0
DA:889,0
DA:890,0
DA:899,0
DA:901,0
DA:902,0
DA:903,0
DA:904,0
DA:905,0
DA:916,10
DA:918,10
DA:920,10
DA:929,4
DA:931,4
DA:932,1
DA:935,3
DA:937,3
DA:938,2
DA:941,2
DA:942,2
DA:945,1
DA:947,1
DA:948,1
DA:951,1
DA:952,1
DA:955,1
DA:964,3
DA:966,3
DA:967,1
DA:970,2
DA:972,2
DA:973,1
DA:976,1
DA:977,1
DA:980,1
DA:982,1
DA:983,1
DA:986,1
DA:995,4
DA:997,4
DA:998,1
DA:1001,3
DA:1003,3
DA:1004,1
DA:1009,1
DA:1010,1
DA:1013,2
DA:1015,2
DA:1017,2
DA:1018,2
DA:1021,2
DA:1030,4
DA:1032,4
DA:1033,1
DA:1036,3
DA:1038,3
DA:1039,2
DA:1044,2
DA:1045,2
DA:1048,1
DA:1050,1
DA:1051,1
DA:1054,1
DA:1055,1
DA:1058,1
DA:1067,3
DA:1069,3
DA:1070,1
DA:1073,2
DA:1075,2
DA:1076,1
DA:1081,1
DA:1082,1
DA:1085,1
DA:1087,1
DA:1088,1
DA:1091,1
DA:1093,1
DA:1094,0
DA:1099,0
DA:1100,0
DA:1103,1
DA:1105,1
DA:1106,1
DA:1109,1
DA:1111,1
DA:1112,0
DA:1117,0
DA:1118,0
DA:1121,1
DA:1123,1
DA:1124,1
DA:1127,1
DA:1129,1
DA:1130,0
DA:1135,0
DA:1136,0
DA:1139,1
DA:1141,1
DA:1142,1
DA:1145,1
DA:1155,2
DA:1157,2
DA:1158,1
DA:1159,1
DA:1162,1
DA:1169,1
DA:1176,1
DA:1183,1
DA:1190,1
DA:1197,1
DA:1204,1
DA:1211,1
DA:1218,1
DA:1225,1
DA:1232,1
DA:1239,1
DA:1260,2
DA:1262,2
DA:1263,1
DA:1264,1
DA:1267,1
DA:1274,1
DA:1281,1
DA:1288,1
DA:1297,1
LF:345
LH:250
BRDA:266,0,0,0
BRDA:266,0,1,0
BRDA:304,1,0,1
BRDA:304,1,1,2
BRDA:304,2,0,3
BRDA:304,2,1,2
BRDA:319,3,0,2
BRDA:319,3,1,0
BRDA:325,4,0,2
BRDA:325,4,1,1
BRDA:350,5,0,25
BRDA:350,5,1,0
BRDA:364,6,0,11
BRDA:364,6,1,11
BRDA:364,7,0,22
BRDA:364,7,1,22
BRDA:367,8,0,11
BRDA:367,8,1,9
BRDA:372,9,0,5
BRDA:372,9,1,3
BRDA:385,10,0,1
BRDA:385,10,1,0
BRDA:390,11,0,0
BRDA:390,11,1,2
BRDA:398,12,0,1
BRDA:398,12,1,1
BRDA:402,13,0,0
BRDA:402,13,1,2
BRDA:402,14,0,2
BRDA:402,14,1,2
BRDA:404,15,0,0
BRDA:404,15,1,0
BRDA:404,15,2,0
BRDA:412,16,0,2
BRDA:412,16,1,1
BRDA:412,16,2,1
BRDA:459,17,0,1
BRDA:459,17,1,2
BRDA:492,18,0,0
BRDA:492,18,1,0
BRDA:498,19,0,0
BRDA:498,19,1,0
BRDA:498,20,0,0
BRDA:498,20,1,0
BRDA:500,21,0,0
BRDA:500,21,1,0
BRDA:500,21,2,0
BRDA:512,22,0,0
BRDA:512,22,1,0
BRDA:519,23,0,0
BRDA:519,23,1,0
BRDA:521,24,0,0
BRDA:521,24,1,0
BRDA:526,25,0,0
BRDA:526,25,1,0
BRDA:530,26,0,0
BRDA:530,26,1,0
BRDA:530,27,0,0
BRDA:530,27,1,0
BRDA:547,28,0,9
BRDA:547,28,1,0
BRDA:552,29,0,9
BRDA:552,29,1,0
BRDA:579,30,0,12
BRDA:579,30,1,12
BRDA:592,31,0,12
BRDA:592,31,1,0
BRDA:600,32,0,1
BRDA:600,32,1,1
BRDA:635,33,0,4
BRDA:635,33,1,4
BRDA:648,34,0,4
BRDA:648,34,1,0
BRDA:656,35,0,1
BRDA:656,35,1,1
BRDA:693,36,0,4
BRDA:693,36,1,3
BRDA:693,37,0,7
BRDA:693,37,1,6
BRDA:693,37,2,5
BRDA:701,38,0,2
BRDA:701,38,1,1
BRDA:705,39,0,1
BRDA:705,39,1,2
BRDA:706,40,0,1
BRDA:706,40,1,0
BRDA:721,41,0,1
BRDA:721,41,1,0
BRDA:735,42,0,2
BRDA:735,42,1,2
BRDA:735,43,0,4
BRDA:735,43,1,3
BRDA:735,43,2,2
BRDA:745,44,0,1
BRDA:745,44,1,1
BRDA:746,45,0,1
BRDA:746,45,1,0
BRDA:746,45,2,0
BRDA:750,46,0,1
BRDA:750,46,1,0
BRDA:771,47,0,1
BRDA:771,47,1,0
BRDA:788,48,0,1
BRDA:788,48,1,3
BRDA:794,49,0,1
BRDA:794,49,1,2
BRDA:797,50,0,1
BRDA:797,50,1,0
BRDA:797,50,2,0
BRDA:807,51,0,1
BRDA:807,51,1,1
BRDA:807,52,0,2
BRDA:807,52,1,2
BRDA:807,52,2,1
BRDA:813,53,0,0
BRDA:813,53,1,2
BRDA:815,54,0,0
BRDA:815,54,1,0
BRDA:815,54,2,0
BRDA:916,55,0,9
BRDA:916,55,1,1
BRDA:931,56,0,1
BRDA:931,56,1,3
BRDA:937,57,0,2
BRDA:937,57,1,1
BRDA:939,58,0,2
BRDA:939,58,1,1
BRDA:939,58,2,0
BRDA:947,59,0,1
BRDA:947,59,1,0
BRDA:951,60,0,1
BRDA:951,60,1,0
BRDA:966,61,0,1
BRDA:966,61,1,2
BRDA:972,62,0,1
BRDA:972,62,1,1
BRDA:974,63,0,1
BRDA:974,63,1,1
BRDA:974,63,2,0
BRDA:982,64,0,1
BRDA:982,64,1,0
BRDA:997,65,0,1
BRDA:997,65,1,3
BRDA:1003,66,0,1
BRDA:1003,66,1,2
BRDA:1006,67,0,1
BRDA:1006,67,1,1
BRDA:1006,67,2,0
BRDA:1017,68,0,2
BRDA:1017,68,1,0
BRDA:1032,69,0,1
BRDA:1032,69,1,3
BRDA:1038,70,0,2
BRDA:1038,70,1,1
BRDA:1041,71,0,2
BRDA:1041,71,1,1
BRDA:1041,71,2,0
BRDA:1050,72,0,1
BRDA:1050,72,1,0
BRDA:1054,73,0,1
BRDA:1054,73,1,0
BRDA:1069,74,0,1
BRDA:1069,74,1,2
BRDA:1075,75,0,1
BRDA:1075,75,1,1
BRDA:1078,76,0,1
BRDA:1078,76,1,1
BRDA:1078,76,2,0
BRDA:1087,77,0,1
BRDA:1087,77,1,0
BRDA:1093,78,0,0
BRDA:1093,78,1,1
BRDA:1096,79,0,0
BRDA:1096,79,1,0
BRDA:1096,79,2,0
BRDA:1105,80,0,1
BRDA:1105,80,1,0
BRDA:1111,81,0,0
BRDA:1111,81,1,1
BRDA:1114,82,0,0
BRDA:1114,82,1,0
BRDA:1114,82,2,0
BRDA:1123,83,0,1
BRDA:1123,83,1,0
BRDA:1129,84,0,0
BRDA:1129,84,1,1
BRDA:1132,85,0,0
BRDA:1132,85,1,0
BRDA:1132,85,2,0
BRDA:1141,86,0,1
BRDA:1141,86,1,0
BRDA:1157,87,0,1
BRDA:1157,87,1,1
BRDA:1164,88,0,1
BRDA:1164,88,1,0
BRDA:1171,89,0,1
BRDA:1171,89,1,0
BRDA:1185,90,0,1
BRDA:1185,90,1,0
BRDA:1192,91,0,1
BRDA:1192,91,1,0
BRDA:1206,92,0,1
BRDA:1206,92,1,0
BRDA:1213,93,0,1
BRDA:1213,93,1,0
BRDA:1227,94,0,1
BRDA:1227,94,1,0
BRDA:1234,95,0,1
BRDA:1234,95,1,0
BRDA:1262,96,0,1
BRDA:1262,96,1,1
BRDA:1262,97,0,2
BRDA:1262,97,1,1
BRDA:1269,98,0,1
BRDA:1269,98,1,0
BRDA:1276,99,0,1
BRDA:1276,99,1,0
BRDA:1283,100,0,1
BRDA:1283,100,1,0
BRDA:1290,101,0,1
BRDA:1290,101,1,0
BRF:221
BRH:135
end_of_record
