TN:
SF:lib\ioUtil.js
FN:10,(anonymous_0)
FN:25,(anonymous_1)
FN:43,(anonymous_2)
FN:61,(anonymous_3)
FN:79,(anonymous_4)
FN:98,(anonymous_5)
FN:101,(anonymous_6)
FN:124,(anonymous_7)
FN:137,(anonymous_8)
FN:151,(anonymous_9)
FN:165,(anonymous_10)
FN:179,(anonymous_11)
FN:190,(anonymous_12)
FN:203,(anonymous_13)
FN:216,(anonymous_14)
FN:229,(anonymous_15)
FN:242,(anonymous_16)
FN:257,(anonymous_17)
FN:271,(anonymous_18)
FN:284,(anonymous_19)
FN:296,(anonymous_20)
FN:308,(anonymous_21)
FN:310,(anonymous_22)
FN:316,(anonymous_23)
FN:326,(anonymous_24)
FN:336,(anonymous_25)
FN:346,(anonymous_26)
FN:354,(anonymous_27)
FN:363,(anonymous_28)
FN:376,(anonymous_29)
FN:390,convertObjects
FN:391,(anonymous_31)
FNF:32
FNH:32
FNDA:50,(anonymous_0)
FNDA:1,(anonymous_1)
FNDA:1,(anonymous_2)
FNDA:1,(anonymous_3)
FNDA:9,(anonymous_4)
FNDA:2,(anonymous_5)
FNDA:2,(anonymous_6)
FNDA:1,(anonymous_7)
FNDA:1,(anonymous_8)
FNDA:5,(anonymous_9)
FNDA:2,(anonymous_10)
FNDA:2,(anonymous_11)
FNDA:1,(anonymous_12)
FNDA:1,(anonymous_13)
FNDA:1,(anonymous_14)
FNDA:1,(anonymous_15)
FNDA:1,(anonymous_16)
FNDA:1,(anonymous_17)
FNDA:9,(anonymous_18)
FNDA:11,(anonymous_19)
FNDA:1,(anonymous_20)
FNDA:2,(anonymous_21)
FNDA:3,(anonymous_22)
FNDA:1,(anonymous_23)
FNDA:24,(anonymous_24)
FNDA:63,(anonymous_25)
FNDA:1,(anonymous_26)
FNDA:1,(anonymous_27)
FNDA:5,(anonymous_28)
FNDA:5,(anonymous_29)
FNDA:1,convertObjects
FNDA:2,(anonymous_31)
DA:11,50
DA:12,50
DA:13,50
DA:14,50
DA:15,50
DA:26,1
DA:27,1
DA:28,1
DA:33,1
DA:44,1
DA:45,1
DA:46,1
DA:51,1
DA:62,1
DA:63,1
DA:64,1
DA:69,1
DA:80,9
DA:81,9
DA:82,9
DA:88,9
DA:99,2
DA:100,2
DA:101,2
DA:102,2
DA:107,2
DA:108,1
DA:110,1
DA:111,1
DA:125,1
DA:126,1
DA:127,1
DA:138,1
DA:139,1
DA:140,1
DA:152,5
DA:153,5
DA:154,5
DA:166,2
DA:167,2
DA:168,2
DA:180,2
DA:181,2
DA:182,2
DA:191,1
DA:192,1
DA:204,1
DA:205,1
DA:206,1
DA:217,1
DA:218,1
DA:219,1
DA:230,1
DA:231,1
DA:232,1
DA:243,1
DA:244,1
DA:245,1
DA:246,1
DA:258,1
DA:259,1
DA:260,1
DA:272,9
DA:273,9
DA:274,2
DA:276,7
DA:277,7
DA:285,11
DA:286,11
DA:287,5
DA:289,11
DA:297,1
DA:298,1
DA:299,1
DA:301,1
DA:309,2
DA:310,3
DA:317,1
DA:318,1
DA:319,1
DA:327,24
DA:328,23
DA:337,63
DA:338,62
DA:347,1
DA:355,1
DA:364,5
DA:377,5
DA:378,5
DA:379,0
DA:381,5
DA:391,1
DA:392,2
DA:393,2
DA:397,1
LF:95
LH:94
BRDA:27,0,0,1
BRDA:27,0,1,0
BRDA:27,1,0,1
BRDA:27,1,1,0
BRDA:45,2,0,1
BRDA:45,2,1,0
BRDA:45,3,0,1
BRDA:45,3,1,0
BRDA:63,4,0,0
BRDA:63,4,1,1
BRDA:63,5,0,0
BRDA:63,5,1,1
BRDA:81,6,0,1
BRDA:81,6,1,8
BRDA:81,7,0,1
BRDA:81,7,1,8
BRDA:100,8,0,2
BRDA:100,8,1,0
BRDA:100,9,0,2
BRDA:100,9,1,0
BRDA:107,10,0,1
BRDA:107,10,1,1
BRDA:108,11,0,1
BRDA:108,11,1,0
BRDA:110,12,0,1
BRDA:110,12,1,0
BRDA:126,13,0,1
BRDA:126,13,1,0
BRDA:126,14,0,1
BRDA:126,14,1,0
BRDA:139,15,0,1
BRDA:139,15,1,0
BRDA:139,16,0,1
BRDA:139,16,1,0
BRDA:153,17,0,1
BRDA:153,17,1,4
BRDA:153,18,0,1
BRDA:153,18,1,4
BRDA:167,19,0,1
BRDA:167,19,1,1
BRDA:167,20,0,1
BRDA:167,20,1,1
BRDA:181,21,0,2
BRDA:181,21,1,0
BRDA:181,22,0,2
BRDA:181,22,1,0
BRDA:182,23,0,1
BRDA:182,23,1,1
BRDA:204,24,0,1
BRDA:204,24,1,0
BRDA:204,25,0,1
BRDA:204,25,1,0
BRDA:205,26,0,1
BRDA:205,26,1,0
BRDA:205,27,0,1
BRDA:205,27,1,0
BRDA:216,28,0,0
BRDA:216,29,0,0
BRDA:218,30,0,1
BRDA:218,30,1,0
BRDA:218,31,0,1
BRDA:218,31,1,0
BRDA:231,32,0,1
BRDA:231,32,1,0
BRDA:231,33,0,1
BRDA:231,33,1,0
BRDA:242,34,0,0
BRDA:242,35,0,0
BRDA:244,36,0,1
BRDA:244,36,1,0
BRDA:244,37,0,1
BRDA:244,37,1,0
BRDA:259,38,0,1
BRDA:259,38,1,0
BRDA:259,39,0,1
BRDA:259,39,1,0
BRDA:260,40,0,0
BRDA:260,40,1,1
BRDA:271,41,0,9
BRDA:271,42,0,9
BRDA:273,43,0,2
BRDA:273,43,1,7
BRDA:286,44,0,5
BRDA:286,44,1,6
BRDA:298,45,0,1
BRDA:298,45,1,0
BRDA:327,46,0,23
BRDA:327,46,1,1
BRDA:337,47,0,62
BRDA:337,47,1,1
BRDA:378,48,0,0
BRDA:378,48,1,5
BRDA:378,49,0,5
BRDA:378,49,1,5
BRDA:378,49,2,0
BRF:95
BRH:59
end_of_record
TN:
SF:lib\piholeApiClient.js
FN:16,(anonymous_0)
FN:39,(anonymous_1)
FN:88,(anonymous_2)
FN:98,(anonymous_3)
FN:131,(anonymous_4)
FN:145,(anonymous_5)
FN:155,(anonymous_6)
FN:164,(anonymous_7)
FN:173,(anonymous_8)
FN:182,(anonymous_9)
FN:191,(anonymous_10)
FN:206,(anonymous_11)
FN:223,(anonymous_12)
FN:238,(anonymous_13)
FN:251,(anonymous_14)
FN:263,(anonymous_15)
FNF:16
FNH:14
FNDA:14,(anonymous_0)
FNDA:24,(anonymous_1)
FNDA:1,(anonymous_2)
FNDA:14,(anonymous_3)
FNDA:2,(anonymous_4)
FNDA:1,(anonymous_5)
FNDA:1,(anonymous_6)
FNDA:2,(anonymous_7)
FNDA:1,(anonymous_8)
FNDA:1,(anonymous_9)
FNDA:1,(anonymous_10)
FNDA:1,(anonymous_11)
FNDA:1,(anonymous_12)
FNDA:0,(anonymous_13)
FNDA:1,(anonymous_14)
FNDA:0,(anonymous_15)
DA:1,1
DA:2,1
DA:6,1
DA:17,14
DA:18,14
DA:19,14
DA:20,14
DA:22,14
DA:23,13
DA:25,13
DA:26,0
DA:40,24
DA:49,24
DA:50,1
DA:51,1
DA:52,2
DA:54,1
DA:55,1
DA:58,24
DA:69,24
DA:79,24
DA:89,1
DA:99,14
DA:100,14
DA:102,14
DA:103,0
DA:104,0
DA:107,0
DA:111,0
DA:112,0
DA:115,0
DA:117,14
DA:120,0
DA:132,2
DA:133,2
DA:146,1
DA:147,1
DA:156,1
DA:157,1
DA:165,2
DA:166,2
DA:174,1
DA:175,1
DA:183,1
DA:184,1
DA:192,1
DA:193,1
DA:199,1
DA:207,1
DA:208,1
DA:214,1
DA:224,1
DA:225,1
DA:229,1
DA:239,0
DA:240,0
DA:244,0
DA:252,1
DA:253,1
DA:264,0
DA:265,0
LF:61
LH:48
BRDA:22,0,0,14
BRDA:22,0,1,6
BRDA:25,1,0,0
BRDA:25,1,1,13
BRDA:25,2,0,13
BRDA:25,2,1,0
BRDA:39,3,0,20
BRDA:39,4,0,23
BRDA:49,5,0,1
BRDA:49,5,1,23
BRDA:49,6,0,24
BRDA:49,6,1,1
BRDA:49,6,2,1
BRDA:61,7,0,3
BRDA:61,7,1,21
BRDA:65,8,0,0
BRDA:65,8,1,24
BRDA:89,9,0,1
BRDA:89,9,1,1
BRDA:102,10,0,0
BRDA:102,10,1,14
BRDA:103,11,0,0
BRDA:103,11,1,0
BRDA:111,12,0,0
BRDA:111,12,1,0
BRDA:133,13,0,2
BRDA:133,13,1,0
BRF:27
BRH:18
end_of_record
TN:
SF:lib\piholeserver.js
FN:13,(anonymous_0)
FN:24,(anonymous_1)
FN:263,(anonymous_2)
FN:274,(anonymous_3)
FN:295,(anonymous_4)
FN:342,(anonymous_5)
FN:387,(anonymous_6)
FN:398,(anonymous_7)
FN:424,(anonymous_8)
FN:439,(anonymous_9)
FN:461,(anonymous_10)
FN:470,(anonymous_11)
FN:477,(anonymous_12)
FN:488,(anonymous_13)
FN:499,(anonymous_14)
FN:511,(anonymous_15)
FN:526,(anonymous_16)
FN:539,(anonymous_17)
FN:552,(anonymous_18)
FN:573,(anonymous_19)
FN:593,(anonymous_20)
FN:617,(anonymous_21)
FN:638,(anonymous_22)
FN:683,(anonymous_23)
FN:770,(anonymous_24)
FNF:25
FNH:25
FNDA:23,(anonymous_0)
FNDA:1,(anonymous_1)
FNDA:2,(anonymous_2)
FNDA:3,(anonymous_3)
FNDA:3,(anonymous_4)
FNDA:3,(anonymous_5)
FNDA:1,(anonymous_6)
FNDA:3,(anonymous_7)
FNDA:2,(anonymous_8)
FNDA:2,(anonymous_9)
FNDA:2,(anonymous_10)
FNDA:1,(anonymous_11)
FNDA:1,(anonymous_12)
FNDA:1,(anonymous_13)
FNDA:1,(anonymous_14)
FNDA:1,(anonymous_15)
FNDA:1,(anonymous_16)
FNDA:8,(anonymous_17)
FNDA:3,(anonymous_18)
FNDA:3,(anonymous_19)
FNDA:4,(anonymous_20)
FNDA:3,(anonymous_21)
FNDA:3,(anonymous_22)
FNDA:2,(anonymous_23)
FNDA:2,(anonymous_24)
DA:1,1
DA:2,1
DA:14,23
DA:15,23
DA:26,1
DA:33,0
DA:35,0
DA:109,0
DA:207,0
DA:241,0
DA:242,0
DA:243,0
DA:244,0
DA:245,0
DA:246,0
DA:247,0
DA:248,0
DA:249,0
DA:250,0
DA:251,0
DA:252,0
DA:253,0
DA:254,0
DA:255,0
DA:264,2
DA:265,2
DA:266,2
DA:267,2
DA:268,2
DA:275,3
DA:276,3
DA:277,0
DA:278,0
DA:279,0
DA:280,0
DA:281,0
DA:282,0
DA:284,0
DA:296,3
DA:297,3
DA:298,3
DA:303,3
DA:304,0
DA:305,0
DA:306,0
DA:311,0
DA:316,0
DA:317,0
DA:319,0
DA:322,3
DA:323,3
DA:328,3
DA:329,0
DA:343,3
DA:344,3
DA:345,3
DA:350,3
DA:351,0
DA:352,0
DA:353,0
DA:358,0
DA:363,0
DA:364,0
DA:366,0
DA:369,3
DA:370,3
DA:375,3
DA:376,0
DA:388,1
DA:389,1
DA:390,1
DA:399,3
DA:401,3
DA:402,0
DA:404,3
DA:405,2
DA:406,2
DA:407,2
DA:408,1
DA:410,2
DA:411,1
DA:412,0
DA:413,0
DA:425,2
DA:426,2
DA:427,1
DA:428,1
DA:440,2
DA:441,2
DA:442,1
DA:443,1
DA:444,1
DA:445,1
DA:446,1
DA:449,1
DA:450,1
DA:462,2
DA:463,2
DA:464,2
DA:465,1
DA:466,1
DA:467,0
DA:469,1
DA:470,1
DA:478,1
DA:479,1
DA:480,1
DA:481,0
DA:489,1
DA:490,1
DA:491,1
DA:492,0
DA:500,1
DA:501,1
DA:502,1
DA:503,0
DA:512,1
DA:513,1
DA:514,1
DA:515,1
DA:517,1
DA:518,1
DA:519,0
DA:527,1
DA:528,1
DA:529,1
DA:530,0
DA:540,8
DA:541,8
DA:542,8
DA:553,3
DA:554,3
DA:555,1
DA:556,1
DA:557,1
DA:558,1
DA:559,0
DA:561,1
DA:562,1
DA:574,3
DA:575,3
DA:576,1
DA:577,1
DA:578,1
DA:579,1
DA:580,0
DA:594,4
DA:595,4
DA:596,2
DA:597,2
DA:598,2
DA:604,2
DA:605,0
DA:618,3
DA:619,3
DA:620,1
DA:621,1
DA:622,1
DA:623,1
DA:624,0
DA:626,1
DA:627,1
DA:639,3
DA:640,3
DA:641,1
DA:642,1
DA:643,1
DA:644,1
DA:645,0
DA:648,1
DA:649,1
DA:650,1
DA:651,0
DA:654,1
DA:655,1
DA:661,1
DA:662,0
DA:665,1
DA:666,1
DA:672,1
DA:673,0
DA:684,2
DA:686,2
DA:692,1
DA:698,1
DA:704,1
DA:710,1
DA:716,1
DA:722,1
DA:728,1
DA:734,1
DA:740,1
DA:746,1
DA:752,1
DA:771,2
DA:772,2
DA:778,1
DA:784,1
DA:790,1
DA:798,1
LF:200
LH:141
BRDA:278,0,0,0
BRDA:278,0,1,0
BRDA:281,1,0,0
BRDA:281,1,1,0
BRDA:305,2,0,0
BRDA:305,2,1,0
BRDA:316,3,0,0
BRDA:316,3,1,0
BRDA:322,4,0,1
BRDA:322,4,1,2
BRDA:352,5,0,0
BRDA:352,5,1,0
BRDA:363,6,0,0
BRDA:363,6,1,0
BRDA:369,7,0,1
BRDA:369,7,1,2
BRDA:401,8,0,0
BRDA:401,8,1,3
BRDA:401,9,0,3
BRDA:401,9,1,3
BRDA:401,9,2,3
BRDA:407,10,0,1
BRDA:407,10,1,1
BRDA:410,11,0,1
BRDA:410,11,1,1
BRDA:411,12,0,0
BRDA:411,12,1,1
BRDA:426,13,0,1
BRDA:426,13,1,0
BRDA:441,14,0,1
BRDA:441,14,1,0
BRDA:445,15,0,1
BRDA:445,15,1,1
BRDA:449,16,0,1
BRDA:449,16,1,0
BRDA:464,17,0,1
BRDA:464,17,1,0
BRDA:466,18,0,0
BRDA:466,18,1,1
BRDA:466,19,0,1
BRDA:466,19,1,0
BRDA:466,19,2,0
BRDA:469,20,0,1
BRDA:469,20,1,1
BRDA:469,21,0,1
BRDA:469,21,1,0
BRDA:554,22,0,1
BRDA:554,22,1,2
BRDA:555,23,0,1
BRDA:555,23,1,0
BRDA:558,24,0,0
BRDA:558,24,1,1
BRDA:561,25,0,1
BRDA:561,25,1,0
BRDA:575,26,0,1
BRDA:575,26,1,2
BRDA:576,27,0,1
BRDA:576,27,1,0
BRDA:579,28,0,0
BRDA:579,28,1,1
BRDA:595,29,0,2
BRDA:595,29,1,2
BRDA:596,30,0,2
BRDA:596,30,1,0
BRDA:600,31,0,1
BRDA:600,31,1,1
BRDA:604,32,0,0
BRDA:604,32,1,2
BRDA:605,33,0,0
BRDA:605,33,1,0
BRDA:619,34,0,1
BRDA:619,34,1,2
BRDA:620,35,0,1
BRDA:620,35,1,0
BRDA:623,36,0,0
BRDA:623,36,1,1
BRDA:626,37,0,1
BRDA:626,37,1,0
BRDA:640,38,0,1
BRDA:640,38,1,2
BRDA:641,39,0,1
BRDA:641,39,1,0
BRDA:644,40,0,0
BRDA:644,40,1,1
BRDA:650,41,0,0
BRDA:650,41,1,1
BRDA:661,42,0,0
BRDA:661,42,1,1
BRDA:672,43,0,0
BRDA:672,43,1,1
BRF:90
BRH:51
end_of_record
